2024-04-17 18:51:28,939 - aiogram - INFO - Bot: Golden Like [@goldenLike_bot]
2024-04-17 18:51:29,054 - aiogram - WARNING - Updates were skipped successfully.
2024-04-17 18:51:29,054 - aiogram.dispatcher.dispatcher - INFO - Start polling.
2024-04-17 18:51:32,638 - aiogram.dispatcher.dispatcher - INFO - Stop polling...
2024-04-17 18:51:32,639 - aiogram - WARNING - Goodbye!
2024-04-17 18:51:33,593 - aiogram - INFO - Bot: Golden Like [@goldenLike_bot]
2024-04-17 18:51:33,706 - aiogram - WARNING - Updates were skipped successfully.
2024-04-17 18:51:33,707 - aiogram.dispatcher.dispatcher - INFO - Start polling.
2024-04-17 18:52:48,921 - aiogram.dispatcher.dispatcher - INFO - Stop polling...
2024-04-17 18:52:48,924 - aiogram - WARNING - Goodbye!
2024-04-17 18:52:50,001 - aiogram - INFO - Bot: Golden Like [@goldenLike_bot]
2024-04-17 18:52:50,127 - aiogram - WARNING - Updates were skipped successfully.
2024-04-17 18:52:50,127 - aiogram.dispatcher.dispatcher - INFO - Start polling.
2024-04-17 18:52:51,842 - aiogram.contrib.middlewares.logging - INFO - Received message [ID:21] in chat [private:659163860]
2024-04-17 18:53:06,718 - aiogram.contrib.middlewares.logging - INFO - Received message [ID:22] in chat [private:659163860]
2024-04-17 18:53:06,719 - aiogram.contrib.middlewares.logging - INFO - Process update [ID:358004792]: [success] (in 2 ms)
2024-04-17 18:53:09,583 - aiogram.dispatcher.dispatcher - INFO - Stop polling...
2024-04-17 18:53:09,584 - aiogram - WARNING - Goodbye!
2024-04-17 18:53:10,605 - aiogram - INFO - Bot: Golden Like [@goldenLike_bot]
2024-04-17 18:53:10,728 - aiogram - WARNING - Updates were skipped successfully.
2024-04-17 18:53:10,728 - aiogram.dispatcher.dispatcher - INFO - Start polling.
2024-04-17 18:53:12,524 - aiogram.contrib.middlewares.logging - INFO - Received message [ID:23] in chat [private:659163860]
2024-04-17 18:53:12,524 - aiogram.contrib.middlewares.logging - INFO - Process update [ID:358004793]: [success] (in 1 ms)
2024-04-17 18:53:21,425 - aiogram.dispatcher.dispatcher - INFO - Stop polling...
2024-04-17 18:53:21,427 - aiogram - WARNING - Goodbye!
2024-04-17 18:53:22,520 - aiogram - INFO - Bot: Golden Like [@goldenLike_bot]
2024-04-17 18:53:22,674 - aiogram - WARNING - Updates were skipped successfully.
2024-04-17 18:53:22,674 - aiogram.dispatcher.dispatcher - INFO - Start polling.
2024-04-17 18:53:23,872 - aiogram.contrib.middlewares.logging - INFO - Received message [ID:24] in chat [private:659163860]
2024-04-17 18:53:24,189 - aiogram.contrib.middlewares.logging - INFO - Process update [ID:358004794]: [success] (in 317 ms)
2024-04-17 18:53:37,627 - aiogram.dispatcher.dispatcher - INFO - Stop polling...
2024-04-17 18:53:37,629 - aiogram - WARNING - Goodbye!
2024-04-18 13:31:55,789 - aiogram - INFO - Bot: Golden Like [@goldenLike_bot]
2024-04-18 13:31:55,875 - aiogram - WARNING - Updates were skipped successfully.
2024-04-18 13:31:55,876 - aiogram.dispatcher.dispatcher - INFO - Start polling.
2024-04-18 13:33:08,613 - aiogram.dispatcher.dispatcher - INFO - Stop polling...
2024-04-18 13:33:08,616 - aiogram - WARNING - Goodbye!
2024-04-18 13:33:09,880 - aiogram - INFO - Bot: Golden Like [@goldenLike_bot]
2024-04-18 13:33:10,060 - aiogram - WARNING - Updates were skipped successfully.
2024-04-18 13:33:10,060 - aiogram.dispatcher.dispatcher - INFO - Start polling.
2024-04-18 13:37:26,687 - aiogram.dispatcher.dispatcher - INFO - Stop polling...
2024-04-18 13:37:26,689 - aiogram - WARNING - Goodbye!
2024-04-18 13:37:27,768 - aiogram - INFO - Bot: Golden Like [@goldenLike_bot]
2024-04-18 13:37:27,895 - aiogram - WARNING - Updates were skipped successfully.
2024-04-18 13:37:27,895 - aiogram.dispatcher.dispatcher - INFO - Start polling.
2024-04-18 13:37:36,254 - aiogram.dispatcher.dispatcher - INFO - Stop polling...
2024-04-18 13:37:36,255 - aiogram - WARNING - Goodbye!
2024-04-18 13:37:37,363 - aiogram - INFO - Bot: Golden Like [@goldenLike_bot]
2024-04-18 13:37:37,501 - aiogram - WARNING - Updates were skipped successfully.
2024-04-18 13:37:37,501 - aiogram.dispatcher.dispatcher - INFO - Start polling.
2024-04-18 13:39:20,221 - aiogram.dispatcher.dispatcher - INFO - Stop polling...
2024-04-18 13:39:20,222 - aiogram - WARNING - Goodbye!
2024-04-18 13:45:48,428 - aiogram - INFO - Bot: Golden Like [@goldenLike_bot]
2024-04-18 13:45:48,566 - aiogram - WARNING - Updates were skipped successfully.
2024-04-18 13:45:48,567 - aiogram.dispatcher.dispatcher - INFO - Start polling.
2024-04-18 13:46:38,460 - aiogram.dispatcher.dispatcher - INFO - Stop polling...
2024-04-18 13:46:38,462 - aiogram - WARNING - Goodbye!
2024-04-18 13:46:39,691 - aiogram - INFO - Bot: Golden Like [@goldenLike_bot]
2024-04-18 13:46:39,834 - aiogram - WARNING - Updates were skipped successfully.
2024-04-18 13:46:39,834 - aiogram.dispatcher.dispatcher - INFO - Start polling.
2024-04-18 13:46:54,568 - aiogram.dispatcher.dispatcher - INFO - Stop polling...
2024-04-18 13:46:54,569 - aiogram - WARNING - Goodbye!
2024-04-18 13:46:55,646 - aiogram - INFO - Bot: Golden Like [@goldenLike_bot]
2024-04-18 13:46:55,762 - aiogram - WARNING - Updates were skipped successfully.
2024-04-18 13:46:55,762 - aiogram.dispatcher.dispatcher - INFO - Start polling.
2024-04-18 13:49:18,300 - aiogram.dispatcher.dispatcher - ERROR - Cause exception while getting updates.
Traceback (most recent call last):
  File "/Library/Frameworks/Python.framework/Versions/3.9/lib/python3.9/site-packages/aiogram/bot/api.py", line 139, in make_request
    async with session.post(url, data=req, **kwargs) as response:
  File "/Library/Frameworks/Python.framework/Versions/3.9/lib/python3.9/site-packages/aiohttp/client.py", line 1141, in __aenter__
    self._resp = await self._coro
  File "/Library/Frameworks/Python.framework/Versions/3.9/lib/python3.9/site-packages/aiohttp/client.py", line 560, in _request
    await resp.start(conn)
  File "/Library/Frameworks/Python.framework/Versions/3.9/lib/python3.9/site-packages/aiohttp/client_reqrep.py", line 899, in start
    message, payload = await protocol.read()  # type: ignore[union-attr]
  File "/Library/Frameworks/Python.framework/Versions/3.9/lib/python3.9/site-packages/aiohttp/streams.py", line 616, in read
    await self._waiter
aiohttp.client_exceptions.ServerDisconnectedError: Server disconnected

During handling of the above exception, another exception occurred:

Traceback (most recent call last):
  File "/Library/Frameworks/Python.framework/Versions/3.9/lib/python3.9/site-packages/aiogram/dispatcher/dispatcher.py", line 381, in start_polling
    updates = await self.bot.get_updates(
  File "/Library/Frameworks/Python.framework/Versions/3.9/lib/python3.9/site-packages/aiogram/bot/bot.py", line 110, in get_updates
    result = await self.request(api.Methods.GET_UPDATES, payload)
  File "/Library/Frameworks/Python.framework/Versions/3.9/lib/python3.9/site-packages/aiogram/bot/base.py", line 236, in request
    return await api.make_request(await self.get_session(), self.server, self.__token, method, data, files,
  File "/Library/Frameworks/Python.framework/Versions/3.9/lib/python3.9/site-packages/aiogram/bot/api.py", line 142, in make_request
    raise exceptions.NetworkError(f"aiohttp client throws an error: {e.__class__.__name__}: {e}")
aiogram.utils.exceptions.NetworkError: Aiohttp client throws an error: ServerDisconnectedError: Server disconnected
2024-04-18 13:49:59,141 - aiogram.dispatcher.dispatcher - INFO - Stop polling...
2024-04-18 13:49:59,144 - aiogram - WARNING - Goodbye!
2024-04-18 14:02:47,196 - aiogram - INFO - Bot: Golden Like [@goldenLike_bot]
2024-04-18 14:02:47,345 - aiogram - WARNING - Updates were skipped successfully.
2024-04-18 14:02:47,346 - aiogram.dispatcher.dispatcher - INFO - Start polling.
2024-04-18 14:03:05,734 - aiogram.dispatcher.dispatcher - INFO - Stop polling...
2024-04-18 14:03:05,738 - aiogram - WARNING - Goodbye!
2024-04-18 14:03:06,908 - aiogram - INFO - Bot: Golden Like [@goldenLike_bot]
2024-04-18 14:03:07,178 - aiogram - WARNING - Updates were skipped successfully.
2024-04-18 14:03:07,179 - aiogram.dispatcher.dispatcher - INFO - Start polling.
2024-04-18 14:03:39,551 - aiogram.dispatcher.dispatcher - INFO - Stop polling...
2024-04-18 14:03:39,552 - aiogram - WARNING - Goodbye!
2024-04-18 14:03:40,859 - aiogram - INFO - Bot: Golden Like [@goldenLike_bot]
2024-04-18 14:03:41,085 - aiogram - WARNING - Updates were skipped successfully.
2024-04-18 14:03:41,086 - aiogram.dispatcher.dispatcher - INFO - Start polling.
2024-04-18 14:04:16,383 - aiogram.dispatcher.dispatcher - INFO - Stop polling...
2024-04-18 14:04:16,385 - aiogram - WARNING - Goodbye!
2024-04-18 14:04:17,669 - aiogram - INFO - Bot: Golden Like [@goldenLike_bot]
2024-04-18 14:04:17,810 - aiogram - WARNING - Updates were skipped successfully.
2024-04-18 14:04:17,810 - aiogram.dispatcher.dispatcher - INFO - Start polling.
2024-04-18 14:16:53,719 - aiogram.dispatcher.dispatcher - INFO - Stop polling...
2024-04-18 14:16:53,722 - aiogram - WARNING - Goodbye!
2024-04-18 14:16:55,384 - aiogram - INFO - Bot: Golden Like [@goldenLike_bot]
2024-04-18 14:16:55,594 - aiogram - WARNING - Updates were skipped successfully.
2024-04-18 14:16:55,594 - aiogram.dispatcher.dispatcher - INFO - Start polling.
2024-04-18 14:17:21,334 - aiogram.dispatcher.dispatcher - INFO - Stop polling...
2024-04-18 14:17:21,335 - aiogram - WARNING - Goodbye!
2024-04-18 14:17:34,237 - aiogram - INFO - Bot: Golden Like [@goldenLike_bot]
2024-04-18 14:17:34,415 - aiogram - WARNING - Updates were skipped successfully.
2024-04-18 14:17:34,415 - aiogram.dispatcher.dispatcher - INFO - Start polling.
2024-04-18 14:18:15,728 - aiogram.dispatcher.dispatcher - INFO - Stop polling...
2024-04-18 14:18:15,730 - aiogram - WARNING - Goodbye!
2024-04-18 14:18:16,910 - aiogram - INFO - Bot: Golden Like [@goldenLike_bot]
2024-04-18 14:18:17,095 - aiogram - WARNING - Updates were skipped successfully.
2024-04-18 14:18:17,096 - aiogram.dispatcher.dispatcher - INFO - Start polling.
2024-04-18 14:18:28,228 - aiogram.dispatcher.dispatcher - INFO - Stop polling...
2024-04-18 14:18:28,229 - aiogram - WARNING - Goodbye!
2024-04-18 14:18:29,422 - aiogram - INFO - Bot: Golden Like [@goldenLike_bot]
2024-04-18 14:18:29,588 - aiogram - WARNING - Updates were skipped successfully.
2024-04-18 14:18:29,588 - aiogram.dispatcher.dispatcher - INFO - Start polling.
2024-04-18 14:21:01,383 - aiogram.dispatcher.dispatcher - INFO - Stop polling...
2024-04-18 14:21:01,386 - aiogram - WARNING - Goodbye!
2024-04-18 14:21:02,458 - aiogram - INFO - Bot: Golden Like [@goldenLike_bot]
2024-04-18 14:21:02,594 - aiogram - WARNING - Updates were skipped successfully.
2024-04-18 14:21:02,594 - aiogram.dispatcher.dispatcher - INFO - Start polling.
2024-04-18 14:27:10,665 - aiogram.dispatcher.dispatcher - INFO - Stop polling...
2024-04-18 14:27:10,667 - aiogram - WARNING - Goodbye!
2024-04-18 14:27:11,932 - aiogram - INFO - Bot: Golden Like [@goldenLike_bot]
2024-04-18 14:27:12,213 - aiogram - WARNING - Updates were skipped successfully.
2024-04-18 14:27:12,214 - aiogram.dispatcher.dispatcher - INFO - Start polling.
2024-04-18 14:27:26,533 - aiogram.dispatcher.dispatcher - INFO - Stop polling...
2024-04-18 14:27:26,534 - aiogram - WARNING - Goodbye!
2024-04-18 15:53:20,112 - aiogram - INFO - Bot: Golden Like [@goldenLike_bot]
2024-04-18 15:53:20,286 - aiogram - WARNING - Updates were skipped successfully.
2024-04-18 15:53:20,287 - aiogram.dispatcher.dispatcher - INFO - Start polling.
2024-04-18 15:57:18,852 - aiogram.dispatcher.dispatcher - INFO - Stop polling...
2024-04-18 15:57:18,854 - aiogram - WARNING - Goodbye!
2024-04-18 15:57:21,916 - aiogram - INFO - Bot: Golden Like [@goldenLike_bot]
2024-04-18 15:57:22,117 - aiogram - WARNING - Updates were skipped successfully.
2024-04-18 15:57:22,118 - aiogram.dispatcher.dispatcher - INFO - Start polling.
2024-04-18 15:59:34,661 - aiogram.dispatcher.dispatcher - INFO - Stop polling...
2024-04-18 15:59:34,663 - aiogram - WARNING - Goodbye!
2024-04-18 20:06:42,205 - aiogram - WARNING - Goodbye!
2024-04-18 20:06:43,109 - aiogram - INFO - Bot: Golden Like [@goldenLike_bot]
2024-04-18 20:06:43,209 - aiogram - WARNING - Updates were skipped successfully.
2024-04-18 20:06:43,210 - aiogram.dispatcher.dispatcher - INFO - Start polling.
2024-04-18 20:11:28,692 - aiogram.dispatcher.dispatcher - INFO - Stop polling...
2024-04-18 20:11:28,699 - aiogram - WARNING - Goodbye!
